<?xml version="1.0" encoding="UTF-8"?>
<!-- Generated by org.testng.reporters.JUnitXMLReporter -->
<testsuite ignored="0" hostname="DESKTOP-1A5LGLI" failures="0" tests="4" name="Test" time="67.39" errors="0" timestamp="2023-06-04T09:40:52 IST">
  <testcase classname="dataProvider.Data_Provider1" name="login" time="10.022"/>
  <testcase classname="dataProvider.Data_Provider1" name="login" time="10.16"/>
  <testcase classname="dataProvider.Data_Provider1" name="login" time="9.916"/>
  <testcase classname="dataProvider.Data_Provider1" name="login" time="10.331"/>
</testsuite> <!-- Test -->
